0 info it worked if it ends with ok
1 verbose cli [ '/home/paulf/.nvm/versions/node/v6.10.3/bin/node',
1 verbose cli   '/home/paulf/.nvm/versions/node/v6.10.3/bin/npm',
1 verbose cli   'publish' ]
2 info using npm@3.10.10
3 info using node@v6.10.3
4 verbose publish [ '.' ]
5 silly cache add args [ '.', null ]
6 verbose cache add spec .
7 silly cache add parsed spec Result {
7 silly cache add   raw: '.',
7 silly cache add   scope: null,
7 silly cache add   escapedName: null,
7 silly cache add   name: null,
7 silly cache add   rawSpec: '.',
7 silly cache add   spec: '/home/paulf/Desktop/react-slidez',
7 silly cache add   type: 'directory' }
8 verbose addLocalDirectory /home/paulf/.npm/react-slidez/0.0.5/package.tgz not in flight; packing
9 verbose correctMkdir /home/paulf/.npm correctMkdir not in flight; initializing
10 info lifecycle react-slidez@0.0.5~prepublish: react-slidez@0.0.5
11 silly lifecycle react-slidez@0.0.5~prepublish: no script for prepublish, continuing
12 verbose tar pack [ '/home/paulf/.npm/react-slidez/0.0.5/package.tgz',
12 verbose tar pack   '/home/paulf/Desktop/react-slidez' ]
13 verbose tarball /home/paulf/.npm/react-slidez/0.0.5/package.tgz
14 verbose folder /home/paulf/Desktop/react-slidez
15 verbose addLocalTarball adding from inside cache /home/paulf/.npm/react-slidez/0.0.5/package.tgz
16 verbose correctMkdir /home/paulf/.npm correctMkdir not in flight; initializing
17 silly cache afterAdd react-slidez@0.0.5
18 verbose afterAdd /home/paulf/.npm/react-slidez/0.0.5/package/package.json not in flight; writing
19 verbose correctMkdir /home/paulf/.npm correctMkdir not in flight; initializing
20 verbose afterAdd /home/paulf/.npm/react-slidez/0.0.5/package/package.json written
21 silly publish { name: 'react-slidez',
21 silly publish   version: '0.0.5',
21 silly publish   description: 'React Slideshow Component',
21 silly publish   main: 'build/index.js',
21 silly publish   peerDependencies: { react: '^15.5.4' },
21 silly publish   dependencies: { react: '^15.5.4', webpack: '^2.6.1' },
21 silly publish   scripts:
21 silly publish    { test: 'echo "Error: no test specified" && exit 1',
21 silly publish      start: 'webpack --watch',
21 silly publish      build: 'webpack' },
21 silly publish   author: { name: 'Paul Fitzgerald' },
21 silly publish   devDependencies:
21 silly publish    { 'babel-cli': '^6.24.1',
21 silly publish      'babel-core': '^6.24.1',
21 silly publish      'babel-loader': '^7.0.0',
21 silly publish      'babel-plugin-transform-object-rest-spread': '^6.23.0',
21 silly publish      'babel-plugin-transform-react-jsx': '^6.24.1',
21 silly publish      'babel-preset-env': '^1.5.1',
21 silly publish      'css-loader': '^0.28.4',
21 silly publish      'style-loader': '^0.18.2' },
21 silly publish   readme: '# React Slidez\n\nCustomisable React Slideshow component.\n\n\n## Demo\n\n[Live demo](http://pau1fitz.github.io/react-slidez/)\n\n\n## Installation\n\n```\nnpm install react-slidez --save\n```\n\n\n### Properties\n\n| Property | Description | Type |\n|----------|-------------|------|\n| showIndex | Show the index of the current slide | Boolean |\n| showArrows | Show arrows to navigate through the slides | Boolean |\n| autoplay | Select whether you want the slideshow to autoplay or not | Boolean |\n| slideInterval={2000}| Dictate the speed in ms at which the slides change | Integer |\n| slides={slides} | The slides you pass into the component | Array |\n| effect |Choose the animation effect of your slideshow. Options include `fade`, `left`, `top`, `right` | String |\n| height | Choose the height of the slideshow. Example `height={\'50px\'}` or `height={\'50%\'}`| String |\n| width | Choose the width of the slideshow. Example `width={\'50px\'}` or `width={\'50%\'}`| String |\n\n\n## Usage\n\n\n```js\nvar Slideshow = require(\'react-slidez\');\n\n<Slideshow\n  showIndex\n  showArrows\n  autoplay\n  slideInterval={2000}\n  slides=[\'1.jpg\', \'2.jpg\']\n  effect={\'fade\'}\n  height={\'100%\'}\n  width={\'100%\'}\n/>\n\n```\n\n\n## License\n\n[MIT License](https://opensource.org/licenses/MIT)\n\nCopyright (c) 2017 Paul Fitzgerald.\n',
21 silly publish   readmeFilename: 'README.md',
21 silly publish   gitHead: '95b313b9623916d668608f9cb82202ccd08513b7',
21 silly publish   _id: 'react-slidez@0.0.5',
21 silly publish   _shasum: '6931ca5fcbfddcf4fe1f103f1f1e4139bc8b843b',
21 silly publish   _from: '.' }
22 verbose getPublishConfig undefined
23 silly mapToRegistry name react-slidez
24 silly mapToRegistry using default registry
25 silly mapToRegistry registry https://registry.npmjs.org/
26 silly mapToRegistry data Result {
26 silly mapToRegistry   raw: 'react-slidez',
26 silly mapToRegistry   scope: null,
26 silly mapToRegistry   escapedName: 'react-slidez',
26 silly mapToRegistry   name: 'react-slidez',
26 silly mapToRegistry   rawSpec: '',
26 silly mapToRegistry   spec: 'latest',
26 silly mapToRegistry   type: 'tag' }
27 silly mapToRegistry uri https://registry.npmjs.org/react-slidez
28 verbose publish registryBase https://registry.npmjs.org/
29 silly publish uploading /home/paulf/.npm/react-slidez/0.0.5/package.tgz
30 verbose request uri https://registry.npmjs.org/react-slidez
31 verbose request sending authorization for write operation
32 info attempt registry request try #1 at 11:49:21 AM
33 verbose request using bearer token for auth
34 verbose request id d60f230ebd899dee
35 http request PUT https://registry.npmjs.org/react-slidez
36 http 403 https://registry.npmjs.org/react-slidez
37 verbose headers { 'content-type': 'application/json',
37 verbose headers   'cache-control': 'max-age=300',
37 verbose headers   'content-length': '95',
37 verbose headers   'accept-ranges': 'bytes',
37 verbose headers   date: 'Tue, 01 Aug 2017 10:49:22 GMT',
37 verbose headers   via: '1.1 varnish',
37 verbose headers   connection: 'keep-alive',
37 verbose headers   'x-served-by': 'cache-ams4143-AMS',
37 verbose headers   'x-cache': 'MISS',
37 verbose headers   'x-cache-hits': '0',
37 verbose headers   'x-timer': 'S1501584561.174525,VS0,VE841',
37 verbose headers   vary: 'Accept-Encoding, Accept' }
38 verbose request invalidating /home/paulf/.npm/registry.npmjs.org/react-slidez on PUT
39 error publish Failed PUT 403
40 verbose stack Error: "You cannot publish over the previously published version 0.0.5." : react-slidez
40 verbose stack     at makeError (/home/paulf/.nvm/versions/node/v6.10.3/lib/node_modules/npm/node_modules/npm-registry-client/lib/request.js:302:12)
40 verbose stack     at CachingRegistryClient.<anonymous> (/home/paulf/.nvm/versions/node/v6.10.3/lib/node_modules/npm/node_modules/npm-registry-client/lib/request.js:290:14)
40 verbose stack     at Request._callback (/home/paulf/.nvm/versions/node/v6.10.3/lib/node_modules/npm/node_modules/npm-registry-client/lib/request.js:210:14)
40 verbose stack     at Request.self.callback (/home/paulf/.nvm/versions/node/v6.10.3/lib/node_modules/npm/node_modules/request/request.js:187:22)
40 verbose stack     at emitTwo (events.js:106:13)
40 verbose stack     at Request.emit (events.js:191:7)
40 verbose stack     at Request.<anonymous> (/home/paulf/.nvm/versions/node/v6.10.3/lib/node_modules/npm/node_modules/request/request.js:1048:10)
40 verbose stack     at emitOne (events.js:96:13)
40 verbose stack     at Request.emit (events.js:188:7)
40 verbose stack     at IncomingMessage.<anonymous> (/home/paulf/.nvm/versions/node/v6.10.3/lib/node_modules/npm/node_modules/request/request.js:969:12)
41 verbose statusCode 403
42 verbose pkgid react-slidez
43 verbose cwd /home/paulf/Desktop/react-slidez
44 error Linux 4.4.0-62-generic
45 error argv "/home/paulf/.nvm/versions/node/v6.10.3/bin/node" "/home/paulf/.nvm/versions/node/v6.10.3/bin/npm" "publish"
46 error node v6.10.3
47 error npm  v3.10.10
48 error code E403
49 error "You cannot publish over the previously published version 0.0.5." : react-slidez
50 error If you need help, you may report this error at:
50 error     <https://github.com/npm/npm/issues>
51 verbose exit [ 1, true ]
